<?xml version="1.0" encoding="UTF-8"?>
<!-- Generated by org.testng.reporters.JUnitReportReporter -->
<testsuite skipped="1" hostname="LHTU05CG6272CN0" name="com.qa.runner.TestRunner" tests="1" failures="0" timestamp="19 Jun 2020 12:10:37 GMT" time="0.000" errors="0">
  <testcase name="feature" time="0.000" classname="com.qa.runner.TestRunner">
    <skipped/>
  </testcase> <!-- feature -->
</testsuite> <!-- com.qa.runner.TestRunner -->
