<?xml version="1.0" encoding="UTF-8"?>
<!-- Generated by org.testng.reporters.JUnitReportReporter -->
<testsuite skipped="2" hostname="LHTU05CG6272CN0" name="module6.Dependency1" tests="2" failures="0" timestamp="15 Apr 2020 11:21:44 GMT" time="0.000" errors="0">
  <testcase name="OpenBrowser" time="0.000" classname="module6.Dependency1">
    <skipped/>
  </testcase> <!-- OpenBrowser -->
  <testcase name="OpenAUT" time="0.000" classname="module6.Dependency1">
    <skipped/>
  </testcase> <!-- OpenAUT -->
</testsuite> <!-- module6.Dependency1 -->
