<?xml version="1.0" encoding="UTF-8"?>
<!-- Generated by org.testng.reporters.JUnitReportReporter -->
<testsuite skipped="0" hostname="LHTU05CG6272CN0" name="module6.Annotations" tests="3" failures="0" timestamp="29 May 2020 06:28:03 GMT" time="0.017" errors="0">
  <testcase name="Test3" time="0.007" classname="module6.Annotations"/>
  <testcase name="Test2" time="0.002" classname="module6.Annotations"/>
  <testcase name="Test1" time="0.008" classname="module6.Annotations"/>
</testsuite> <!-- module6.Annotations -->
