<?xml version="1.0" encoding="UTF-8"?>
<!-- Generated by org.testng.reporters.JUnitReportReporter -->
<testsuite skipped="0" hostname="LHTU05CG6272CN0" name="module6.Priority" tests="5" failures="0" timestamp="11 May 2020 02:59:01 GMT" time="0.023" errors="0">
  <testcase name="Mumbai" time="0.013" classname="module6.Priority"/>
  <testcase name="Chennai" time="0.002" classname="module6.Priority"/>
  <testcase name="Banglore" time="0.002" classname="module6.Priority"/>
  <testcase name="Hyderabad" time="0.004" classname="module6.Priority"/>
  <testcase name="Pune" time="0.002" classname="module6.Priority"/>
</testsuite> <!-- module6.Priority -->
