<?xml version="1.0" encoding="UTF-8"?>
<!-- Generated by org.testng.reporters.JUnitReportReporter -->
<testsuite skipped="0" hostname="LHTU05CG6272CN0" name="module6.Sequencing1" tests="5" failures="0" timestamp="11 May 2020 02:59:46 GMT" time="0.031" errors="0">
  <testcase name="Pune" time="0.017" classname="module6.Sequencing1"/>
  <testcase name="Banglore" time="0.004" classname="module6.Sequencing1"/>
  <testcase name="Mumbai" time="0.003" classname="module6.Sequencing1"/>
  <testcase name="Hyderabad" time="0.005" classname="module6.Sequencing1"/>
  <testcase name="Chennai" time="0.002" classname="module6.Sequencing1"/>
</testsuite> <!-- module6.Sequencing1 -->
