<?xml version="1.0" encoding="UTF-8"?>
<!-- Generated by org.testng.reporters.JUnitReportReporter -->
<testsuite skipped="0" hostname="LHTU05CG6272CN0" name="module6.Grouping" tests="3" failures="0" timestamp="15 Apr 2020 12:17:00 GMT" time="0.027" errors="0">
  <testcase name="TC2" time="0.019" classname="module6.Grouping"/>
  <testcase name="TC3" time="0.004" classname="module6.Grouping"/>
  <testcase name="TC6" time="0.004" classname="module6.Grouping"/>
</testsuite> <!-- module6.Grouping -->
