<?xml version="1.0" encoding="UTF-8"?>
<!-- Generated by org.testng.reporters.JUnitReportReporter -->
<testsuite skipped="5" hostname="LHTU05CG6272CN0" name="module6.Sequencing" tests="5" failures="0" timestamp="15 Apr 2020 11:21:43 GMT" time="0.000" errors="0">
  <testcase name="Chennai" time="0.000" classname="module6.Sequencing">
    <skipped/>
  </testcase> <!-- Chennai -->
  <testcase name="Hyderabad" time="0.000" classname="module6.Sequencing">
    <skipped/>
  </testcase> <!-- Hyderabad -->
  <testcase name="Pune" time="0.000" classname="module6.Sequencing">
    <skipped/>
  </testcase> <!-- Pune -->
  <testcase name="Banglore" time="0.000" classname="module6.Sequencing">
    <skipped/>
  </testcase> <!-- Banglore -->
  <testcase name="Mumbai" time="0.000" classname="module6.Sequencing">
    <skipped/>
  </testcase> <!-- Mumbai -->
</testsuite> <!-- module6.Sequencing -->
