<?xml version="1.0" encoding="UTF-8"?>
<!-- Generated by org.testng.reporters.JUnitReportReporter -->
<testsuite skipped="3" hostname="LHTU05CG6272CN0" name="module6.DisableEnable" tests="3" failures="0" timestamp="15 Apr 2020 11:21:43 GMT" time="0.000" errors="0">
  <testcase name="OpenBrowser" time="0.000" classname="module6.DisableEnable">
    <skipped/>
  </testcase> <!-- OpenBrowser -->
  <testcase name="Login" classname="module6.DisableEnable">
    <skipped/>
  </testcase> <!-- Login -->
  <testcase name="Logout" classname="module6.DisableEnable">
    <skipped/>
  </testcase> <!-- Logout -->
</testsuite> <!-- module6.DisableEnable -->
