<?xml version="1.0" encoding="UTF-8"?>
<!-- Generated by org.testng.reporters.JUnitReportReporter -->
<testsuite skipped="1" hostname="LHTU05CG6272CN0" name="module9.TestCase.HashMap" tests="1" failures="0" timestamp="24 May 2020 06:43:42 GMT" time="0.000" errors="0">
  <testcase name="Test" time="0.000" classname="module9.TestCase.HashMap">
    <skipped/>
  </testcase> <!-- Test -->
</testsuite> <!-- module9.TestCase.HashMap -->
