<?xml version="1.0" encoding="UTF-8"?>
<!-- Generated by org.testng.reporters.JUnitReportReporter -->
<testsuite skipped="0" hostname="LHTU05CG6272CN0" name="module6.Annotations" tests="3" failures="0" timestamp="02 Jun 2020 10:42:44 GMT" time="0.016" errors="0">
  <testcase name="Test3" time="0.004" classname="module6.Annotations"/>
  <testcase name="Test2" time="0.004" classname="module6.Annotations"/>
  <testcase name="Test1" time="0.008" classname="module6.Annotations"/>
</testsuite> <!-- module6.Annotations -->
